Started GET "/" for ::1 at 2020-10-08 16:36:51 -0700
DEPRECATION WARNING: ActiveRecord::Base.raise_in_transactional_callbacks= is deprecated, has no effect and will be removed without replacement. (called from block (3 levels) in <class:Railtie> at /Users/carlosgarciajr/.rbenv/versions/2.5.1/lib/ruby/gems/2.5.0/gems/activerecord-5.0.7.2/lib/active_record/railtie.rb:113)
Processing by StaticPagesController#index as HTML
  Rendering static_pages/index.html.erb within layouts/application
  Rendered shared/_main_nav.html.erb (0.3ms)
  Rendered shared/_masthead.html.erb (0.2ms)
  Rendered shared/_sections_nav.html.erb (0.2ms)
  Rendered shared/_search_modal.html.erb (0.2ms)
  Rendered shared/_main_content.html.erb (0.2ms)
  Rendered static_pages/index.html.erb within layouts/application (15.2ms)
Completed 200 OK in 362ms (Views: 358.9ms | ActiveRecord: 0.0ms)


Started GET "/assets/application.self-5e5b219656abf8c4e83f7dfd5e5f4f415d8fe2348d16620303a4ed96d1b5a144.css?body=1" for ::1 at 2020-10-08 16:36:52 -0700
Started GET "/" for ::1 at 2020-10-08 16:36:53 -0700
Processing by StaticPagesController#index as HTML
  Rendering static_pages/index.html.erb within layouts/application
  Rendered shared/_main_nav.html.erb (0.2ms)
  Rendered shared/_masthead.html.erb (0.2ms)
  Rendered shared/_sections_nav.html.erb (0.2ms)
  Rendered shared/_search_modal.html.erb (0.2ms)
  Rendered shared/_main_content.html.erb (0.1ms)
  Rendered static_pages/index.html.erb within layouts/application (13.2ms)
Completed 200 OK in 29ms (Views: 26.9ms | ActiveRecord: 0.0ms)


Started GET "/" for ::1 at 2020-10-08 16:37:17 -0700
Processing by StaticPagesController#index as HTML
  Rendering static_pages/index.html.erb within layouts/application
  Rendered shared/_main_nav.html.erb (0.2ms)
  Rendered shared/_masthead.html.erb (0.2ms)
  Rendered shared/_sections_nav.html.erb (0.2ms)
  Rendered shared/_search_modal.html.erb (0.2ms)
  Rendered shared/_main_content.html.erb (0.2ms)
  Rendered static_pages/index.html.erb within layouts/application (14.6ms)
Completed 200 OK in 35ms (Views: 31.8ms | ActiveRecord: 0.0ms)


Started GET "/" for ::1 at 2020-10-08 16:37:20 -0700
Processing by StaticPagesController#index as HTML
  Rendering static_pages/index.html.erb within layouts/application
  Rendered shared/_main_nav.html.erb (0.2ms)
  Rendered shared/_masthead.html.erb (0.2ms)
  Rendered shared/_sections_nav.html.erb (0.2ms)
  Rendered shared/_search_modal.html.erb (0.2ms)
  Rendered shared/_main_content.html.erb (0.2ms)
  Rendered static_pages/index.html.erb within layouts/application (12.8ms)
Completed 200 OK in 30ms (Views: 27.7ms | ActiveRecord: 0.0ms)


Started GET "/" for ::1 at 2020-10-09 09:59:50 -0700
DEPRECATION WARNING: ActiveRecord::Base.raise_in_transactional_callbacks= is deprecated, has no effect and will be removed without replacement. (called from block (3 levels) in <class:Railtie> at /Users/carlosgarciajr/.rbenv/versions/2.5.1/lib/ruby/gems/2.5.0/gems/activerecord-5.0.7.2/lib/active_record/railtie.rb:113)
Processing by StaticPagesController#index as HTML
  Rendering static_pages/index.html.erb within layouts/application
  Rendered shared/_main_nav.html.erb (0.3ms)
  Rendered shared/_masthead.html.erb (0.2ms)
  Rendered shared/_sections_nav.html.erb (0.2ms)
  Rendered shared/_search_modal.html.erb (0.2ms)
  Rendered shared/_main_content.html.erb (0.2ms)
  Rendered static_pages/index.html.erb within layouts/application (15.4ms)
Completed 200 OK in 353ms (Views: 350.1ms | ActiveRecord: 0.0ms)


Started GET "/assets/application.self-7aae4f884d21c0f895d0e25909b4a3857ca3f7bdd4412baf28bf32a8b1f558b1.css?body=1" for ::1 at 2020-10-09 09:59:51 -0700
Started GET "/" for ::1 at 2020-10-09 10:00:16 -0700
Processing by StaticPagesController#index as HTML
  Rendering static_pages/index.html.erb within layouts/application
  Rendered shared/_main_nav.html.erb (0.2ms)
  Rendered shared/_masthead.html.erb (0.2ms)
  Rendered shared/_sections_nav.html.erb (0.1ms)
  Rendered shared/_search_modal.html.erb (0.2ms)
  Rendered shared/_main_content.html.erb (0.4ms)
  Rendered static_pages/index.html.erb within layouts/application (12.9ms)
Completed 200 OK in 34ms (Views: 30.5ms | ActiveRecord: 0.0ms)


Started GET "/assets/new_office.jpg" for ::1 at 2020-10-09 10:00:16 -0700
Started GET "/" for ::1 at 2020-10-09 10:03:51 -0700
Processing by StaticPagesController#index as HTML
  Rendering static_pages/index.html.erb within layouts/application
  Rendered shared/_main_nav.html.erb (0.2ms)
  Rendered shared/_masthead.html.erb (0.2ms)
  Rendered shared/_sections_nav.html.erb (0.3ms)
  Rendered shared/_search_modal.html.erb (0.2ms)
  Rendered shared/_main_content.html.erb (0.3ms)
  Rendered static_pages/index.html.erb within layouts/application (13.1ms)
Completed 200 OK in 109ms (Views: 104.9ms | ActiveRecord: 0.0ms)


Started GET "/assets/application.self-e229079662ba64eec2df88cc9898f07a6b5005419aa37c928d3d684a6d58d3e4.css?body=1" for ::1 at 2020-10-09 10:03:51 -0700
Started GET "/assets/new_office.jpg" for ::1 at 2020-10-09 10:03:51 -0700
Started GET "/" for ::1 at 2020-10-12 13:48:14 -0700
DEPRECATION WARNING: ActiveRecord::Base.raise_in_transactional_callbacks= is deprecated, has no effect and will be removed without replacement. (called from block (3 levels) in <class:Railtie> at /Users/carlosgarciajr/.rbenv/versions/2.5.1/lib/ruby/gems/2.5.0/gems/activerecord-5.0.7.2/lib/active_record/railtie.rb:113)
Processing by StaticPagesController#index as HTML
  Rendering static_pages/index.html.erb within layouts/application
  Rendered shared/_main_nav.html.erb (0.2ms)
  Rendered shared/_masthead.html.erb (0.1ms)
  Rendered shared/_sections_nav.html.erb (0.1ms)
  Rendered shared/_search_modal.html.erb (0.2ms)
  Rendered shared/_main_content.html.erb (0.3ms)
  Rendered static_pages/index.html.erb within layouts/application (14.5ms)
Completed 500 Internal Server Error in 194ms (ActiveRecord: 0.0ms)



Sass::SyntaxError - File to import not found or unreadable: base/grid.scss.
Load paths:
  /Users/carlosgarciajr/Documents/programming/app_academy_work/curriculum/html-css/projects/aa_times/skeleton/app/assets/images
  /Users/carlosgarciajr/Documents/programming/app_academy_work/curriculum/html-css/projects/aa_times/skeleton/app/assets/javascripts
  /Users/carlosgarciajr/Documents/programming/app_academy_work/curriculum/html-css/projects/aa_times/skeleton/app/assets/stylesheets
  /Users/carlosgarciajr/Documents/programming/app_academy_work/curriculum/html-css/projects/aa_times/skeleton/vendor/assets/javascripts
  /Users/carlosgarciajr/Documents/programming/app_academy_work/curriculum/html-css/projects/aa_times/skeleton/vendor/assets/stylesheets
  /Users/carlosgarciajr/.rbenv/versions/2.5.1/lib/ruby/gems/2.5.0/gems/jquery-rails-4.4.0/vendor/assets/javascripts
  /Users/carlosgarciajr/.rbenv/versions/2.5.1/lib/ruby/gems/2.5.0/gems/coffee-rails-4.2.2/lib/assets/javascripts
  /Users/carlosgarciajr/.rbenv/versions/2.5.1/lib/ruby/gems/2.5.0/gems/actioncable-5.0.7.2/lib/assets/compiled:
  app/views/layouts/application.html.erb:7:in `_app_views_layouts_application_html_erb___270333905406359367_70279989431840'

Started POST "/__better_errors/927a171e4587d656/variables" for ::1 at 2020-10-12 13:48:14 -0700
Started GET "/" for ::1 at 2020-10-12 13:48:41 -0700
Processing by StaticPagesController#index as HTML
  Rendering static_pages/index.html.erb within layouts/application
  Rendered shared/_main_nav.html.erb (0.2ms)
  Rendered shared/_masthead.html.erb (0.1ms)
  Rendered shared/_sections_nav.html.erb (0.3ms)
  Rendered shared/_search_modal.html.erb (0.3ms)
  Rendered shared/_main_content.html.erb (0.2ms)
  Rendered static_pages/index.html.erb within layouts/application (12.8ms)
Completed 200 OK in 110ms (Views: 107.4ms | ActiveRecord: 0.0ms)


Started GET "/assets/application.self-1237ad35a9ee79bd64030d4638d1fd80f6734c490eb538e0dd01d7af3c16bf40.css?body=1" for ::1 at 2020-10-12 13:48:41 -0700
Started GET "/" for ::1 at 2020-10-12 13:48:43 -0700
Processing by StaticPagesController#index as HTML
  Rendering static_pages/index.html.erb within layouts/application
  Rendered shared/_main_nav.html.erb (0.2ms)
  Rendered shared/_masthead.html.erb (0.2ms)
  Rendered shared/_sections_nav.html.erb (0.2ms)
  Rendered shared/_search_modal.html.erb (0.2ms)
  Rendered shared/_main_content.html.erb (0.2ms)
  Rendered static_pages/index.html.erb within layouts/application (13.1ms)
Completed 200 OK in 33ms (Views: 29.9ms | ActiveRecord: 0.0ms)


Started GET "/" for ::1 at 2020-10-12 13:55:52 -0700
DEPRECATION WARNING: ActiveRecord::Base.raise_in_transactional_callbacks= is deprecated, has no effect and will be removed without replacement. (called from block (3 levels) in <class:Railtie> at /Users/carlosgarciajr/.rbenv/versions/2.5.1/lib/ruby/gems/2.5.0/gems/activerecord-5.0.7.2/lib/active_record/railtie.rb:113)
Processing by StaticPagesController#index as HTML
  Rendering static_pages/index.html.erb within layouts/application
  Rendered shared/_main_nav.html.erb (0.2ms)
  Rendered shared/_masthead.html.erb (0.1ms)
  Rendered shared/_sections_nav.html.erb (0.3ms)
  Rendered shared/_search_modal.html.erb (0.2ms)
  Rendered shared/_main_content.html.erb (0.3ms)
  Rendered static_pages/index.html.erb within layouts/application (14.6ms)
Completed 200 OK in 257ms (Views: 254.8ms | ActiveRecord: 0.0ms)


Started GET "/assets/application.self-758afe40c177e32f890a8b8e23f11571b5d1785af915c0789bd6a19191afc6ab.css?body=1" for ::1 at 2020-10-12 13:55:52 -0700
Started GET "/assets/new_office.jpg" for ::1 at 2020-10-12 13:55:52 -0700
Started GET "/" for ::1 at 2020-10-12 13:56:32 -0700
Processing by StaticPagesController#index as HTML
  Rendering static_pages/index.html.erb within layouts/application
  Rendered shared/_main_nav.html.erb (0.1ms)
  Rendered shared/_masthead.html.erb (0.2ms)
  Rendered shared/_sections_nav.html.erb (0.1ms)
  Rendered shared/_search_modal.html.erb (0.3ms)
  Rendered shared/_main_content.html.erb (0.3ms)
  Rendered static_pages/index.html.erb within layouts/application (12.3ms)
Completed 200 OK in 75ms (Views: 72.8ms | ActiveRecord: 0.0ms)


Started GET "/assets/application.self-e229079662ba64eec2df88cc9898f07a6b5005419aa37c928d3d684a6d58d3e4.css?body=1" for ::1 at 2020-10-12 13:56:32 -0700
Started GET "/assets/new_office.jpg" for ::1 at 2020-10-12 13:56:32 -0700
Started GET "/" for ::1 at 2020-10-12 13:56:33 -0700
Processing by StaticPagesController#index as HTML
  Rendering static_pages/index.html.erb within layouts/application
  Rendered shared/_main_nav.html.erb (0.2ms)
  Rendered shared/_masthead.html.erb (0.2ms)
  Rendered shared/_sections_nav.html.erb (0.2ms)
  Rendered shared/_search_modal.html.erb (0.2ms)
  Rendered shared/_main_content.html.erb (0.2ms)
  Rendered static_pages/index.html.erb within layouts/application (12.9ms)
Completed 200 OK in 34ms (Views: 31.3ms | ActiveRecord: 0.0ms)


Started GET "/assets/new_office.jpg" for ::1 at 2020-10-12 13:56:33 -0700
Started GET "/" for ::1 at 2020-10-12 13:57:15 -0700
Processing by StaticPagesController#index as HTML
  Rendering static_pages/index.html.erb within layouts/application
  Rendered shared/_main_nav.html.erb (0.2ms)
  Rendered shared/_masthead.html.erb (0.2ms)
  Rendered shared/_sections_nav.html.erb (0.2ms)
  Rendered shared/_search_modal.html.erb (0.2ms)
  Rendered shared/_main_content.html.erb (0.3ms)
  Rendered static_pages/index.html.erb within layouts/application (12.6ms)
Completed 200 OK in 92ms (Views: 88.2ms | ActiveRecord: 0.0ms)


Started GET "/assets/application.self-7aae4f884d21c0f895d0e25909b4a3857ca3f7bdd4412baf28bf32a8b1f558b1.css?body=1" for ::1 at 2020-10-12 13:57:15 -0700
Started GET "/assets/new_office.jpg" for ::1 at 2020-10-12 13:57:15 -0700
Started GET "/" for ::1 at 2021-10-14 13:43:51 -0700
DEPRECATION WARNING: ActiveRecord::Base.raise_in_transactional_callbacks= is deprecated, has no effect and will be removed without replacement. (called from block (3 levels) in <class:Railtie> at /Users/matthewpettenato/.rbenv/versions/2.5.8/lib/ruby/gems/2.5.0/gems/activerecord-5.0.7.2/lib/active_record/railtie.rb:113)
Processing by StaticPagesController#index as HTML
  Rendering static_pages/index.html.erb within layouts/application
  Rendered shared/_main_nav.html.erb (0.2ms)
  Rendered shared/_masthead.html.erb (0.1ms)
  Rendered shared/_sections_nav.html.erb (0.1ms)
  Rendered shared/_search_modal.html.erb (0.2ms)
  Rendered shared/_main_content.html.erb (0.3ms)
  Rendered static_pages/index.html.erb within layouts/application (9.8ms)
Completed 200 OK in 288ms (Views: 285.8ms | ActiveRecord: 0.0ms)


Started GET "/assets/application.self-42c998f49efd2f03b602b2a161af40bc0a7ee1d240217f2187a7efebd980d960.css?body=1" for ::1 at 2021-10-14 13:43:51 -0700
Started GET "/assets/components/sidebar.self-2a1277f850a6fa21e1a974ef5152f177ac05516477d5081d593bb137b3d6808b.js?body=1" for ::1 at 2021-10-14 13:43:51 -0700
Started GET "/assets/jquery.self-bd7ddd393353a8d2480a622e80342adf488fb6006d667e8b42e4c0073393abee.js?body=1" for ::1 at 2021-10-14 13:43:51 -0700
Started GET "/assets/components/modal.self-52188644dbb47def5ee35ae02e69eb567ca9b664472357a8a5789dd39032a265.js?body=1" for ::1 at 2021-10-14 13:43:51 -0700
Started GET "/assets/jquery_ujs.self-784a997f6726036b1993eb2217c9cb558e1cbb801c6da88105588c56f13b466a.js?body=1" for ::1 at 2021-10-14 13:43:51 -0700
Started GET "/assets/application.self-f571b9db02bf4ed04c38a6a29072ac382f7d4f47db1fab9817aeadb0d8665235.js?body=1" for ::1 at 2021-10-14 13:43:51 -0700
Started GET "/assets/application.self-42c998f49efd2f03b602b2a161af40bc0a7ee1d240217f2187a7efebd980d960.css?body=1&livereload=1634244686271" for ::1 at 2021-10-14 13:51:26 -0700
Started GET "/assets/application.self-42c998f49efd2f03b602b2a161af40bc0a7ee1d240217f2187a7efebd980d960.css?body=1&livereload=1634244686275" for ::1 at 2021-10-14 13:51:26 -0700
Started GET "/assets/application.self-42c998f49efd2f03b602b2a161af40bc0a7ee1d240217f2187a7efebd980d960.css?body=1&livereload=1634244693267" for ::1 at 2021-10-14 13:51:33 -0700
Started GET "/assets/application.self-42c998f49efd2f03b602b2a161af40bc0a7ee1d240217f2187a7efebd980d960.css?body=1&livereload=1634244693269" for ::1 at 2021-10-14 13:51:33 -0700
Started GET "/assets/application.self-42c998f49efd2f03b602b2a161af40bc0a7ee1d240217f2187a7efebd980d960.css?body=1&livereload=1634244700312" for ::1 at 2021-10-14 13:51:40 -0700
Started GET "/assets/application.self-42c998f49efd2f03b602b2a161af40bc0a7ee1d240217f2187a7efebd980d960.css?body=1&livereload=1634244700315" for ::1 at 2021-10-14 13:51:40 -0700
Started GET "/assets/application.self-42c998f49efd2f03b602b2a161af40bc0a7ee1d240217f2187a7efebd980d960.css?body=1&livereload=1634244702357" for ::1 at 2021-10-14 13:51:42 -0700
Started GET "/assets/application.self-42c998f49efd2f03b602b2a161af40bc0a7ee1d240217f2187a7efebd980d960.css?body=1&livereload=1634244702359" for ::1 at 2021-10-14 13:51:42 -0700
Started GET "/assets/application.self-42c998f49efd2f03b602b2a161af40bc0a7ee1d240217f2187a7efebd980d960.css?body=1&livereload=1634244707392" for ::1 at 2021-10-14 13:51:47 -0700
Started GET "/assets/application.self-42c998f49efd2f03b602b2a161af40bc0a7ee1d240217f2187a7efebd980d960.css?body=1&livereload=1634244707394" for ::1 at 2021-10-14 13:51:47 -0700
Started GET "/assets/application.self-42c998f49efd2f03b602b2a161af40bc0a7ee1d240217f2187a7efebd980d960.css?body=1&livereload=1634244709355" for ::1 at 2021-10-14 13:51:49 -0700
Started GET "/assets/application.self-42c998f49efd2f03b602b2a161af40bc0a7ee1d240217f2187a7efebd980d960.css?body=1&livereload=1634244709357" for ::1 at 2021-10-14 13:51:49 -0700
Started GET "/assets/application.self-42c998f49efd2f03b602b2a161af40bc0a7ee1d240217f2187a7efebd980d960.css?body=1&livereload=1634244713379" for ::1 at 2021-10-14 13:51:53 -0700
Started GET "/assets/application.self-42c998f49efd2f03b602b2a161af40bc0a7ee1d240217f2187a7efebd980d960.css?body=1&livereload=1634244713381" for ::1 at 2021-10-14 13:51:53 -0700
Started GET "/assets/application.self-42c998f49efd2f03b602b2a161af40bc0a7ee1d240217f2187a7efebd980d960.css?body=1&livereload=1634244715332" for ::1 at 2021-10-14 13:51:55 -0700
Started GET "/assets/application.self-42c998f49efd2f03b602b2a161af40bc0a7ee1d240217f2187a7efebd980d960.css?body=1&livereload=1634244715335" for ::1 at 2021-10-14 13:51:55 -0700
Started GET "/assets/application.self-42c998f49efd2f03b602b2a161af40bc0a7ee1d240217f2187a7efebd980d960.css?body=1&livereload=1634244718434" for ::1 at 2021-10-14 13:51:58 -0700
Started GET "/assets/application.self-42c998f49efd2f03b602b2a161af40bc0a7ee1d240217f2187a7efebd980d960.css?body=1&livereload=1634244718435" for ::1 at 2021-10-14 13:51:58 -0700
Started GET "/assets/application.self-42c998f49efd2f03b602b2a161af40bc0a7ee1d240217f2187a7efebd980d960.css?body=1&livereload=1634244721423" for ::1 at 2021-10-14 13:52:01 -0700
Started GET "/assets/application.self-42c998f49efd2f03b602b2a161af40bc0a7ee1d240217f2187a7efebd980d960.css?body=1&livereload=1634244721425" for ::1 at 2021-10-14 13:52:01 -0700
Started GET "/assets/application.self-42c998f49efd2f03b602b2a161af40bc0a7ee1d240217f2187a7efebd980d960.css?body=1&livereload=1634244729451" for ::1 at 2021-10-14 13:52:09 -0700
Started GET "/assets/application.self-42c998f49efd2f03b602b2a161af40bc0a7ee1d240217f2187a7efebd980d960.css?body=1&livereload=1634244729453" for ::1 at 2021-10-14 13:52:09 -0700
Started GET "/assets/application.self-42c998f49efd2f03b602b2a161af40bc0a7ee1d240217f2187a7efebd980d960.css?body=1&livereload=1634244730481" for ::1 at 2021-10-14 13:52:10 -0700
Started GET "/assets/application.self-42c998f49efd2f03b602b2a161af40bc0a7ee1d240217f2187a7efebd980d960.css?body=1&livereload=1634244730483" for ::1 at 2021-10-14 13:52:10 -0700
Started GET "/assets/application.self-42c998f49efd2f03b602b2a161af40bc0a7ee1d240217f2187a7efebd980d960.css?body=1&livereload=1634244733474" for ::1 at 2021-10-14 13:52:13 -0700
Started GET "/assets/application.self-42c998f49efd2f03b602b2a161af40bc0a7ee1d240217f2187a7efebd980d960.css?body=1&livereload=1634244733476" for ::1 at 2021-10-14 13:52:13 -0700
Started GET "/assets/application.self-42c998f49efd2f03b602b2a161af40bc0a7ee1d240217f2187a7efebd980d960.css?body=1&livereload=1634244739445" for ::1 at 2021-10-14 13:52:19 -0700
Started GET "/assets/application.self-42c998f49efd2f03b602b2a161af40bc0a7ee1d240217f2187a7efebd980d960.css?body=1&livereload=1634244739447" for ::1 at 2021-10-14 13:52:19 -0700
Started GET "/assets/application.self-42c998f49efd2f03b602b2a161af40bc0a7ee1d240217f2187a7efebd980d960.css?body=1&livereload=1634244743483" for ::1 at 2021-10-14 13:52:23 -0700
Started GET "/assets/application.self-42c998f49efd2f03b602b2a161af40bc0a7ee1d240217f2187a7efebd980d960.css?body=1&livereload=1634244743484" for ::1 at 2021-10-14 13:52:23 -0700
Started GET "/assets/application.self-42c998f49efd2f03b602b2a161af40bc0a7ee1d240217f2187a7efebd980d960.css?body=1&livereload=1634244744502" for ::1 at 2021-10-14 13:52:24 -0700
Started GET "/assets/application.self-42c998f49efd2f03b602b2a161af40bc0a7ee1d240217f2187a7efebd980d960.css?body=1&livereload=1634244744504" for ::1 at 2021-10-14 13:52:24 -0700
Started GET "/assets/application.self-42c998f49efd2f03b602b2a161af40bc0a7ee1d240217f2187a7efebd980d960.css?body=1&livereload=1634244746467" for ::1 at 2021-10-14 13:52:26 -0700
Started GET "/assets/application.self-42c998f49efd2f03b602b2a161af40bc0a7ee1d240217f2187a7efebd980d960.css?body=1&livereload=1634244746469" for ::1 at 2021-10-14 13:52:26 -0700
Started GET "/assets/application.self-42c998f49efd2f03b602b2a161af40bc0a7ee1d240217f2187a7efebd980d960.css?body=1&livereload=1634244751490" for ::1 at 2021-10-14 13:52:31 -0700
Started GET "/assets/application.self-42c998f49efd2f03b602b2a161af40bc0a7ee1d240217f2187a7efebd980d960.css?body=1&livereload=1634244751492" for ::1 at 2021-10-14 13:52:31 -0700
Started GET "/assets/application.self-42c998f49efd2f03b602b2a161af40bc0a7ee1d240217f2187a7efebd980d960.css?body=1&livereload=1634244755512" for ::1 at 2021-10-14 13:52:35 -0700
Started GET "/assets/application.self-42c998f49efd2f03b602b2a161af40bc0a7ee1d240217f2187a7efebd980d960.css?body=1&livereload=1634244755515" for ::1 at 2021-10-14 13:52:35 -0700
Started GET "/assets/application.self-42c998f49efd2f03b602b2a161af40bc0a7ee1d240217f2187a7efebd980d960.css?body=1&livereload=1634244757493" for ::1 at 2021-10-14 13:52:37 -0700
Started GET "/assets/application.self-42c998f49efd2f03b602b2a161af40bc0a7ee1d240217f2187a7efebd980d960.css?body=1&livereload=1634244757497" for ::1 at 2021-10-14 13:52:37 -0700
Started GET "/assets/application.self-42c998f49efd2f03b602b2a161af40bc0a7ee1d240217f2187a7efebd980d960.css?body=1&livereload=1634244762541" for ::1 at 2021-10-14 13:52:42 -0700
Started GET "/assets/application.self-42c998f49efd2f03b602b2a161af40bc0a7ee1d240217f2187a7efebd980d960.css?body=1&livereload=1634244762543" for ::1 at 2021-10-14 13:52:42 -0700
Started GET "/assets/application.self-42c998f49efd2f03b602b2a161af40bc0a7ee1d240217f2187a7efebd980d960.css?body=1&livereload=1634244770589" for ::1 at 2021-10-14 13:52:50 -0700
Started GET "/assets/application.self-42c998f49efd2f03b602b2a161af40bc0a7ee1d240217f2187a7efebd980d960.css?body=1&livereload=1634244770591" for ::1 at 2021-10-14 13:52:50 -0700
Started GET "/assets/application.self-42c998f49efd2f03b602b2a161af40bc0a7ee1d240217f2187a7efebd980d960.css?body=1&livereload=1634244774606" for ::1 at 2021-10-14 13:52:54 -0700
Started GET "/assets/application.self-42c998f49efd2f03b602b2a161af40bc0a7ee1d240217f2187a7efebd980d960.css?body=1&livereload=1634244774609" for ::1 at 2021-10-14 13:52:54 -0700
Started GET "/assets/application.self-42c998f49efd2f03b602b2a161af40bc0a7ee1d240217f2187a7efebd980d960.css?body=1&livereload=1634244840854" for ::1 at 2021-10-14 13:54:00 -0700
Started GET "/assets/application.self-42c998f49efd2f03b602b2a161af40bc0a7ee1d240217f2187a7efebd980d960.css?body=1&livereload=1634244840856" for ::1 at 2021-10-14 13:54:00 -0700
Started GET "/assets/application.self-42c998f49efd2f03b602b2a161af40bc0a7ee1d240217f2187a7efebd980d960.css?body=1&livereload=1634244842913" for ::1 at 2021-10-14 13:54:02 -0700
Started GET "/assets/application.self-42c998f49efd2f03b602b2a161af40bc0a7ee1d240217f2187a7efebd980d960.css?body=1&livereload=1634244842914" for ::1 at 2021-10-14 13:54:02 -0700
Started GET "/assets/application.self-42c998f49efd2f03b602b2a161af40bc0a7ee1d240217f2187a7efebd980d960.css?body=1&livereload=1634244854977" for ::1 at 2021-10-14 13:54:14 -0700
Started GET "/assets/application.self-42c998f49efd2f03b602b2a161af40bc0a7ee1d240217f2187a7efebd980d960.css?body=1&livereload=1634244854980" for ::1 at 2021-10-14 13:54:14 -0700
Started GET "/assets/application.self-42c998f49efd2f03b602b2a161af40bc0a7ee1d240217f2187a7efebd980d960.css?body=1&livereload=1634244859943" for ::1 at 2021-10-14 13:54:19 -0700
Started GET "/assets/application.self-42c998f49efd2f03b602b2a161af40bc0a7ee1d240217f2187a7efebd980d960.css?body=1&livereload=1634244859947" for ::1 at 2021-10-14 13:54:19 -0700
Started GET "/assets/application.self-42c998f49efd2f03b602b2a161af40bc0a7ee1d240217f2187a7efebd980d960.css?body=1&livereload=1634244861920" for ::1 at 2021-10-14 13:54:21 -0700
Started GET "/assets/application.self-42c998f49efd2f03b602b2a161af40bc0a7ee1d240217f2187a7efebd980d960.css?body=1&livereload=1634244861922" for ::1 at 2021-10-14 13:54:21 -0700
Started GET "/assets/application.self-42c998f49efd2f03b602b2a161af40bc0a7ee1d240217f2187a7efebd980d960.css?body=1&livereload=1634244863978" for ::1 at 2021-10-14 13:54:23 -0700
Started GET "/assets/application.self-42c998f49efd2f03b602b2a161af40bc0a7ee1d240217f2187a7efebd980d960.css?body=1&livereload=1634244863980" for ::1 at 2021-10-14 13:54:23 -0700
Started GET "/assets/application.self-42c998f49efd2f03b602b2a161af40bc0a7ee1d240217f2187a7efebd980d960.css?body=1&livereload=1634244880053" for ::1 at 2021-10-14 13:54:40 -0700
Started GET "/assets/application.self-42c998f49efd2f03b602b2a161af40bc0a7ee1d240217f2187a7efebd980d960.css?body=1&livereload=1634244880056" for ::1 at 2021-10-14 13:54:40 -0700
Started GET "/assets/application.self-42c998f49efd2f03b602b2a161af40bc0a7ee1d240217f2187a7efebd980d960.css?body=1&livereload=1634244882021" for ::1 at 2021-10-14 13:54:42 -0700
Started GET "/assets/application.self-42c998f49efd2f03b602b2a161af40bc0a7ee1d240217f2187a7efebd980d960.css?body=1&livereload=1634244882023" for ::1 at 2021-10-14 13:54:42 -0700
Started GET "/assets/application.self-42c998f49efd2f03b602b2a161af40bc0a7ee1d240217f2187a7efebd980d960.css?body=1&livereload=1634244885017" for ::1 at 2021-10-14 13:54:45 -0700
Started GET "/assets/application.self-42c998f49efd2f03b602b2a161af40bc0a7ee1d240217f2187a7efebd980d960.css?body=1&livereload=1634244885018" for ::1 at 2021-10-14 13:54:45 -0700
Started GET "/assets/application.self-42c998f49efd2f03b602b2a161af40bc0a7ee1d240217f2187a7efebd980d960.css?body=1&livereload=1634244897089" for ::1 at 2021-10-14 13:54:57 -0700
Started GET "/assets/application.self-42c998f49efd2f03b602b2a161af40bc0a7ee1d240217f2187a7efebd980d960.css?body=1&livereload=1634244897090" for ::1 at 2021-10-14 13:54:57 -0700
Started GET "/assets/application.self-42c998f49efd2f03b602b2a161af40bc0a7ee1d240217f2187a7efebd980d960.css?body=1&livereload=1634244898110" for ::1 at 2021-10-14 13:54:58 -0700
Started GET "/assets/application.self-42c998f49efd2f03b602b2a161af40bc0a7ee1d240217f2187a7efebd980d960.css?body=1&livereload=1634244898112" for ::1 at 2021-10-14 13:54:58 -0700
Started GET "/assets/application.self-42c998f49efd2f03b602b2a161af40bc0a7ee1d240217f2187a7efebd980d960.css?body=1&livereload=1634244910185" for ::1 at 2021-10-14 13:55:10 -0700
Started GET "/assets/application.self-42c998f49efd2f03b602b2a161af40bc0a7ee1d240217f2187a7efebd980d960.css?body=1&livereload=1634244910188" for ::1 at 2021-10-14 13:55:10 -0700
Started GET "/assets/application.self-42c998f49efd2f03b602b2a161af40bc0a7ee1d240217f2187a7efebd980d960.css?body=1&livereload=1634244911115" for ::1 at 2021-10-14 13:55:11 -0700
Started GET "/assets/application.self-42c998f49efd2f03b602b2a161af40bc0a7ee1d240217f2187a7efebd980d960.css?body=1&livereload=1634244911118" for ::1 at 2021-10-14 13:55:11 -0700
Started GET "/assets/application.self-42c998f49efd2f03b602b2a161af40bc0a7ee1d240217f2187a7efebd980d960.css?body=1&livereload=1634244913171" for ::1 at 2021-10-14 13:55:13 -0700
Started GET "/assets/application.self-42c998f49efd2f03b602b2a161af40bc0a7ee1d240217f2187a7efebd980d960.css?body=1&livereload=1634244913172" for ::1 at 2021-10-14 13:55:13 -0700
Started GET "/assets/application.self-42c998f49efd2f03b602b2a161af40bc0a7ee1d240217f2187a7efebd980d960.css?body=1&livereload=1634244918140" for ::1 at 2021-10-14 13:55:18 -0700
Started GET "/assets/application.self-42c998f49efd2f03b602b2a161af40bc0a7ee1d240217f2187a7efebd980d960.css?body=1&livereload=1634244918141" for ::1 at 2021-10-14 13:55:18 -0700
Started GET "/assets/application.self-42c998f49efd2f03b602b2a161af40bc0a7ee1d240217f2187a7efebd980d960.css?body=1&livereload=1634244941233" for ::1 at 2021-10-14 13:55:41 -0700
Started GET "/assets/application.self-42c998f49efd2f03b602b2a161af40bc0a7ee1d240217f2187a7efebd980d960.css?body=1&livereload=1634244941236" for ::1 at 2021-10-14 13:55:41 -0700
Started GET "/assets/application.self-42c998f49efd2f03b602b2a161af40bc0a7ee1d240217f2187a7efebd980d960.css?body=1&livereload=1634244944323" for ::1 at 2021-10-14 13:55:44 -0700
Started GET "/assets/application.self-42c998f49efd2f03b602b2a161af40bc0a7ee1d240217f2187a7efebd980d960.css?body=1&livereload=1634244944325" for ::1 at 2021-10-14 13:55:44 -0700
Started GET "/assets/application.self-42c998f49efd2f03b602b2a161af40bc0a7ee1d240217f2187a7efebd980d960.css?body=1&livereload=1634244959354" for ::1 at 2021-10-14 13:55:59 -0700
Started GET "/assets/application.self-42c998f49efd2f03b602b2a161af40bc0a7ee1d240217f2187a7efebd980d960.css?body=1&livereload=1634244959355" for ::1 at 2021-10-14 13:55:59 -0700
Started GET "/assets/application.self-42c998f49efd2f03b602b2a161af40bc0a7ee1d240217f2187a7efebd980d960.css?body=1&livereload=1634244976390" for ::1 at 2021-10-14 13:56:16 -0700
Started GET "/assets/application.self-42c998f49efd2f03b602b2a161af40bc0a7ee1d240217f2187a7efebd980d960.css?body=1&livereload=1634244976392" for ::1 at 2021-10-14 13:56:16 -0700
Started GET "/assets/application.self-42c998f49efd2f03b602b2a161af40bc0a7ee1d240217f2187a7efebd980d960.css?body=1&livereload=1634245004547" for ::1 at 2021-10-14 13:56:44 -0700
Started GET "/assets/application.self-42c998f49efd2f03b602b2a161af40bc0a7ee1d240217f2187a7efebd980d960.css?body=1&livereload=1634245004544" for ::1 at 2021-10-14 13:56:44 -0700
Started GET "/assets/application.self-42c998f49efd2f03b602b2a161af40bc0a7ee1d240217f2187a7efebd980d960.css?body=1&livereload=1634245010524" for ::1 at 2021-10-14 13:56:50 -0700
Started GET "/assets/application.self-42c998f49efd2f03b602b2a161af40bc0a7ee1d240217f2187a7efebd980d960.css?body=1&livereload=1634245010526" for ::1 at 2021-10-14 13:56:50 -0700
Started GET "/assets/application.self-42c998f49efd2f03b602b2a161af40bc0a7ee1d240217f2187a7efebd980d960.css?body=1&livereload=1634245107979" for ::1 at 2021-10-14 13:58:27 -0700
Started GET "/assets/application.self-42c998f49efd2f03b602b2a161af40bc0a7ee1d240217f2187a7efebd980d960.css?body=1&livereload=1634245107982" for ::1 at 2021-10-14 13:58:27 -0700
Started GET "/assets/application.self-42c998f49efd2f03b602b2a161af40bc0a7ee1d240217f2187a7efebd980d960.css?body=1&livereload=1634245110964" for ::1 at 2021-10-14 13:58:30 -0700
Started GET "/assets/application.self-42c998f49efd2f03b602b2a161af40bc0a7ee1d240217f2187a7efebd980d960.css?body=1&livereload=1634245110966" for ::1 at 2021-10-14 13:58:30 -0700
Started GET "/assets/application.self-42c998f49efd2f03b602b2a161af40bc0a7ee1d240217f2187a7efebd980d960.css?body=1&livereload=1634245146169" for ::1 at 2021-10-14 13:59:06 -0700
Started GET "/assets/application.self-42c998f49efd2f03b602b2a161af40bc0a7ee1d240217f2187a7efebd980d960.css?body=1&livereload=1634245146172" for ::1 at 2021-10-14 13:59:06 -0700
Started GET "/" for ::1 at 2021-10-14 14:23:35 -0700
DEPRECATION WARNING: ActiveRecord::Base.raise_in_transactional_callbacks= is deprecated, has no effect and will be removed without replacement. (called from block (3 levels) in <class:Railtie> at /Users/abrahamfong/.rbenv/versions/2.5.1/lib/ruby/gems/2.5.0/gems/activerecord-5.0.7.2/lib/active_record/railtie.rb:113)
Processing by StaticPagesController#index as HTML
  Rendering static_pages/index.html.erb within layouts/application
  Rendered shared/_main_nav.html.erb (0.7ms)
  Rendered shared/_masthead.html.erb (0.5ms)
  Rendered shared/_sections_nav.html.erb (1.0ms)
  Rendered shared/_search_modal.html.erb (0.4ms)
  Rendered shared/_main_content.html.erb (0.9ms)
  Rendered static_pages/index.html.erb within layouts/application (225.7ms)
Completed 200 OK in 1464ms (Views: 1457.4ms | ActiveRecord: 0.0ms)


Started GET "/assets/jquery.self-bd7ddd393353a8d2480a622e80342adf488fb6006d667e8b42e4c0073393abee.js?body=1" for ::1 at 2021-10-14 14:23:38 -0700
Started GET "/assets/jquery_ujs.self-784a997f6726036b1993eb2217c9cb558e1cbb801c6da88105588c56f13b466a.js?body=1" for ::1 at 2021-10-14 14:23:38 -0700
Started GET "/assets/components/sidebar.self-2a1277f850a6fa21e1a974ef5152f177ac05516477d5081d593bb137b3d6808b.js?body=1" for ::1 at 2021-10-14 14:23:38 -0700
Started GET "/assets/components/modal.self-52188644dbb47def5ee35ae02e69eb567ca9b664472357a8a5789dd39032a265.js?body=1" for ::1 at 2021-10-14 14:23:38 -0700
Started GET "/assets/application.self-d03b2bd55acd522f471a7e29b045445bf378d958683e3adf88da4fd1df7d537f.css?body=1" for ::1 at 2021-10-14 14:23:38 -0700
Started GET "/assets/application.self-f571b9db02bf4ed04c38a6a29072ac382f7d4f47db1fab9817aeadb0d8665235.js?body=1" for ::1 at 2021-10-14 14:23:38 -0700
Started GET "/assets/application.self-d03b2bd55acd522f471a7e29b045445bf378d958683e3adf88da4fd1df7d537f.css?body=1&livereload=1634246648764" for ::1 at 2021-10-14 14:24:08 -0700
Started GET "/assets/application.self-d03b2bd55acd522f471a7e29b045445bf378d958683e3adf88da4fd1df7d537f.css?body=1&livereload=1634246648757" for ::1 at 2021-10-14 14:24:08 -0700
Started GET "/assets/application.self-d03b2bd55acd522f471a7e29b045445bf378d958683e3adf88da4fd1df7d537f.css?body=1&livereload=1634246656886" for ::1 at 2021-10-14 14:24:16 -0700
Started GET "/assets/application.self-d03b2bd55acd522f471a7e29b045445bf378d958683e3adf88da4fd1df7d537f.css?body=1&livereload=1634246656889" for ::1 at 2021-10-14 14:24:16 -0700
Started GET "/assets/application.self-d03b2bd55acd522f471a7e29b045445bf378d958683e3adf88da4fd1df7d537f.css?body=1&livereload=1634246662097" for ::1 at 2021-10-14 14:24:22 -0700
Started GET "/assets/application.self-d03b2bd55acd522f471a7e29b045445bf378d958683e3adf88da4fd1df7d537f.css?body=1&livereload=1634246662100" for ::1 at 2021-10-14 14:24:22 -0700
Started GET "/assets/application.self-d03b2bd55acd522f471a7e29b045445bf378d958683e3adf88da4fd1df7d537f.css?body=1&livereload=1634246663904" for ::1 at 2021-10-14 14:24:23 -0700
Started GET "/assets/application.self-d03b2bd55acd522f471a7e29b045445bf378d958683e3adf88da4fd1df7d537f.css?body=1&livereload=1634246663934" for ::1 at 2021-10-14 14:24:23 -0700
Started GET "/" for ::1 at 2021-10-14 14:26:22 -0700
Processing by StaticPagesController#index as HTML
  Rendering static_pages/index.html.erb within layouts/application
  Rendered shared/_main_nav.html.erb (2.7ms)
  Rendered shared/_masthead.html.erb (0.5ms)
  Rendered shared/_sections_nav.html.erb (0.7ms)
  Rendered shared/_search_modal.html.erb (0.4ms)
  Rendered shared/_main_content.html.erb (0.9ms)
  Rendered static_pages/index.html.erb within layouts/application (520.0ms)
Completed 200 OK in 993ms (Views: 978.3ms | ActiveRecord: 0.0ms)


Started GET "/" for ::1 at 2021-10-14 14:28:26 -0700
Started GET "/" for ::1 at 2021-10-14 14:28:26 -0700
Processing by StaticPagesController#index as HTML
  Rendering static_pages/index.html.erb within layouts/application
  Rendered shared/_main_nav.html.erb (0.8ms)
  Rendered shared/_masthead.html.erb (0.3ms)
  Rendered shared/_sections_nav.html.erb (1.2ms)
Processing by StaticPagesController#index as HTML
  Rendering static_pages/index.html.erb within layouts/application
  Rendered shared/_search_modal.html.erb (2.3ms)
  Rendered shared/_main_content.html.erb (0.8ms)
  Rendered static_pages/index.html.erb within layouts/application (346.9ms)
  Rendered shared/_main_nav.html.erb (0.1ms)
  Rendered shared/_masthead.html.erb (0.2ms)
  Rendered shared/_sections_nav.html.erb (0.1ms)
  Rendered shared/_search_modal.html.erb (0.1ms)
  Rendered shared/_main_content.html.erb (0.1ms)
  Rendered static_pages/index.html.erb within layouts/application (274.6ms)
Completed 200 OK in 728ms (Views: 717.8ms | ActiveRecord: 0.0ms)


Completed 200 OK in 701ms (Views: 693.2ms | ActiveRecord: 0.0ms)


Started GET "/" for ::1 at 2021-10-14 14:28:42 -0700
Started GET "/" for ::1 at 2021-10-14 14:28:42 -0700
Processing by StaticPagesController#index as HTML
  Rendering static_pages/index.html.erb within layouts/application
  Rendered shared/_main_nav.html.erb (1.5ms)
Processing by StaticPagesController#index as HTML
  Rendering static_pages/index.html.erb within layouts/application
  Rendered shared/_main_nav.html.erb (0.1ms)
  Rendered shared/_masthead.html.erb (0.1ms)
  Rendered shared/_masthead.html.erb (0.8ms)
  Rendered shared/_sections_nav.html.erb (0.7ms)
  Rendered shared/_search_modal.html.erb (0.5ms)
  Rendered shared/_sections_nav.html.erb (0.1ms)
  Rendered shared/_main_content.html.erb (1.9ms)
  Rendered shared/_search_modal.html.erb (0.1ms)
  Rendered static_pages/index.html.erb within layouts/application (255.0ms)
  Rendered shared/_main_content.html.erb (0.0ms)
  Rendered static_pages/index.html.erb within layouts/application (388.0ms)
Completed 200 OK in 634ms (Views: 623.4ms | ActiveRecord: 0.0ms)


Completed 200 OK in 551ms (Views: 541.3ms | ActiveRecord: 0.0ms)


Started GET "/" for ::1 at 2021-10-14 14:29:15 -0700
Started GET "/" for ::1 at 2021-10-14 14:29:15 -0700
Processing by StaticPagesController#index as HTML
  Rendering static_pages/index.html.erb within layouts/application
  Rendered shared/_main_nav.html.erb (1.0ms)
  Rendered shared/_masthead.html.erb (1.2ms)
Processing by StaticPagesController#index as HTML
  Rendered shared/_sections_nav.html.erb (1.9ms)
  Rendered shared/_search_modal.html.erb (0.7ms)
  Rendering static_pages/index.html.erb within layouts/application
  Rendered shared/_main_nav.html.erb (0.1ms)
  Rendered shared/_masthead.html.erb (0.1ms)
  Rendered shared/_sections_nav.html.erb (0.1ms)
  Rendered shared/_search_modal.html.erb (0.0ms)
  Rendered shared/_main_content.html.erb (0.4ms)
  Rendered static_pages/index.html.erb within layouts/application (88.3ms)
  Rendered shared/_main_content.html.erb (0.1ms)
  Rendered static_pages/index.html.erb within layouts/application (366.3ms)
Completed 200 OK in 519ms (Views: 505.0ms | ActiveRecord: 0.0ms)


Completed 200 OK in 681ms (Views: 636.6ms | ActiveRecord: 0.0ms)


Started GET "/" for ::1 at 2021-10-14 14:29:18 -0700
Started GET "/" for ::1 at 2021-10-14 14:29:18 -0700
Processing by StaticPagesController#index as HTML
Processing by StaticPagesController#index as HTML
  Rendering static_pages/index.html.erb within layouts/application
  Rendered shared/_main_nav.html.erb (0.6ms)
  Rendered shared/_masthead.html.erb (0.5ms)
  Rendered shared/_sections_nav.html.erb (0.8ms)
  Rendering static_pages/index.html.erb within layouts/application
  Rendered shared/_search_modal.html.erb (1.6ms)
  Rendered shared/_main_nav.html.erb (0.2ms)
  Rendered shared/_main_content.html.erb (0.5ms)
  Rendered static_pages/index.html.erb within layouts/application (240.9ms)
  Rendered shared/_masthead.html.erb (0.1ms)
  Rendered shared/_sections_nav.html.erb (0.1ms)
  Rendered shared/_search_modal.html.erb (0.1ms)
  Rendered shared/_main_content.html.erb (0.1ms)
  Rendered static_pages/index.html.erb within layouts/application (160.5ms)
Completed 200 OK in 538ms (Views: 527.8ms | ActiveRecord: 0.0ms)


Completed 200 OK in 686ms (Views: 645.1ms | ActiveRecord: 0.0ms)


Started GET "/" for ::1 at 2021-10-14 14:31:48 -0700
Processing by StaticPagesController#index as HTML
  Rendering static_pages/index.html.erb within layouts/application
  Rendered shared/_main_nav.html.erb (0.6ms)
  Rendered shared/_masthead.html.erb (3.1ms)
  Rendered shared/_sections_nav.html.erb (1.2ms)
  Rendered shared/_search_modal.html.erb (1.3ms)
  Rendered shared/_main_content.html.erb (0.6ms)
  Rendered static_pages/index.html.erb within layouts/application (273.8ms)
Completed 200 OK in 672ms (Views: 660.5ms | ActiveRecord: 0.0ms)


Started GET "/" for ::1 at 2021-10-14 14:32:28 -0700
Processing by StaticPagesController#index as HTML
  Rendering static_pages/index.html.erb within layouts/application
  Rendered shared/_main_nav.html.erb (1.4ms)
  Rendered shared/_masthead.html.erb (1.8ms)
  Rendered shared/_sections_nav.html.erb (3.4ms)
  Rendered shared/_search_modal.html.erb (0.6ms)
  Rendered shared/_main_content.html.erb (0.4ms)
  Rendered static_pages/index.html.erb within layouts/application (159.2ms)
Completed 200 OK in 325ms (Views: 315.7ms | ActiveRecord: 0.0ms)


Started GET "/assets/application.self-d03b2bd55acd522f471a7e29b045445bf378d958683e3adf88da4fd1df7d537f.css?body=1&livereload=1634247463462" for ::1 at 2021-10-14 14:37:43 -0700
Started GET "/assets/application.self-d03b2bd55acd522f471a7e29b045445bf378d958683e3adf88da4fd1df7d537f.css?body=1&livereload=1634247463458" for ::1 at 2021-10-14 14:37:43 -0700
Started GET "/assets/application.self-d03b2bd55acd522f471a7e29b045445bf378d958683e3adf88da4fd1df7d537f.css?body=1&livereload=1634247551119" for ::1 at 2021-10-14 14:39:11 -0700
Started GET "/assets/application.self-d03b2bd55acd522f471a7e29b045445bf378d958683e3adf88da4fd1df7d537f.css?body=1&livereload=1634247551122" for ::1 at 2021-10-14 14:39:11 -0700
Started GET "/assets/application.self-d03b2bd55acd522f471a7e29b045445bf378d958683e3adf88da4fd1df7d537f.css?body=1&livereload=1634247557328" for ::1 at 2021-10-14 14:39:17 -0700
Started GET "/assets/application.self-d03b2bd55acd522f471a7e29b045445bf378d958683e3adf88da4fd1df7d537f.css?body=1&livereload=1634247557327" for ::1 at 2021-10-14 14:39:17 -0700
Started GET "/assets/application.self-d03b2bd55acd522f471a7e29b045445bf378d958683e3adf88da4fd1df7d537f.css?body=1&livereload=1634247612379" for ::1 at 2021-10-14 14:40:12 -0700
Started GET "/assets/application.self-d03b2bd55acd522f471a7e29b045445bf378d958683e3adf88da4fd1df7d537f.css?body=1&livereload=1634247612381" for ::1 at 2021-10-14 14:40:12 -0700
Started GET "/assets/application.self-d03b2bd55acd522f471a7e29b045445bf378d958683e3adf88da4fd1df7d537f.css?body=1&livereload=1634247633257" for ::1 at 2021-10-14 14:40:33 -0700
Started GET "/assets/application.self-d03b2bd55acd522f471a7e29b045445bf378d958683e3adf88da4fd1df7d537f.css?body=1&livereload=1634247633260" for ::1 at 2021-10-14 14:40:33 -0700
Started GET "/assets/application.self-d03b2bd55acd522f471a7e29b045445bf378d958683e3adf88da4fd1df7d537f.css?body=1&livereload=1634247640697" for ::1 at 2021-10-14 14:40:40 -0700
Started GET "/assets/application.self-d03b2bd55acd522f471a7e29b045445bf378d958683e3adf88da4fd1df7d537f.css?body=1&livereload=1634247640695" for ::1 at 2021-10-14 14:40:40 -0700
Started GET "/assets/application.self-d03b2bd55acd522f471a7e29b045445bf378d958683e3adf88da4fd1df7d537f.css?body=1&livereload=1634247811965" for ::1 at 2021-10-14 14:43:31 -0700
Started GET "/assets/application.self-d03b2bd55acd522f471a7e29b045445bf378d958683e3adf88da4fd1df7d537f.css?body=1&livereload=1634247811967" for ::1 at 2021-10-14 14:43:31 -0700
Started GET "/assets/application.self-d03b2bd55acd522f471a7e29b045445bf378d958683e3adf88da4fd1df7d537f.css?body=1&livereload=1634247823446" for ::1 at 2021-10-14 14:43:43 -0700
Started GET "/assets/application.self-d03b2bd55acd522f471a7e29b045445bf378d958683e3adf88da4fd1df7d537f.css?body=1&livereload=1634247823480" for ::1 at 2021-10-14 14:43:43 -0700
Started GET "/assets/application.self-d03b2bd55acd522f471a7e29b045445bf378d958683e3adf88da4fd1df7d537f.css?body=1&livereload=1634247837259" for ::1 at 2021-10-14 14:43:57 -0700
Started GET "/assets/application.self-d03b2bd55acd522f471a7e29b045445bf378d958683e3adf88da4fd1df7d537f.css?body=1&livereload=1634247837262" for ::1 at 2021-10-14 14:43:57 -0700
Started GET "/assets/application.self-d03b2bd55acd522f471a7e29b045445bf378d958683e3adf88da4fd1df7d537f.css?body=1&livereload=1634247868626" for ::1 at 2021-10-14 14:44:28 -0700
Started GET "/assets/application.self-d03b2bd55acd522f471a7e29b045445bf378d958683e3adf88da4fd1df7d537f.css?body=1&livereload=1634247868628" for ::1 at 2021-10-14 14:44:28 -0700
Started GET "/assets/application.self-d03b2bd55acd522f471a7e29b045445bf378d958683e3adf88da4fd1df7d537f.css?body=1&livereload=1634247935412" for ::1 at 2021-10-14 14:45:35 -0700
Started GET "/assets/application.self-d03b2bd55acd522f471a7e29b045445bf378d958683e3adf88da4fd1df7d537f.css?body=1&livereload=1634247935416" for ::1 at 2021-10-14 14:45:35 -0700
Started GET "/assets/application.self-d03b2bd55acd522f471a7e29b045445bf378d958683e3adf88da4fd1df7d537f.css?body=1&livereload=1634248104838" for ::1 at 2021-10-14 14:48:24 -0700
Started GET "/assets/application.self-d03b2bd55acd522f471a7e29b045445bf378d958683e3adf88da4fd1df7d537f.css?body=1&livereload=1634248104841" for ::1 at 2021-10-14 14:48:24 -0700
Started GET "/assets/application.self-d03b2bd55acd522f471a7e29b045445bf378d958683e3adf88da4fd1df7d537f.css?body=1&livereload=1634248107183" for ::1 at 2021-10-14 14:48:27 -0700
Started GET "/assets/application.self-d03b2bd55acd522f471a7e29b045445bf378d958683e3adf88da4fd1df7d537f.css?body=1&livereload=1634248107195" for ::1 at 2021-10-14 14:48:27 -0700
Started GET "/assets/application.self-d03b2bd55acd522f471a7e29b045445bf378d958683e3adf88da4fd1df7d537f.css?body=1&livereload=1634248128258" for ::1 at 2021-10-14 14:48:48 -0700
Started GET "/assets/application.self-d03b2bd55acd522f471a7e29b045445bf378d958683e3adf88da4fd1df7d537f.css?body=1&livereload=1634248128260" for ::1 at 2021-10-14 14:48:48 -0700
Started GET "/assets/application.self-d03b2bd55acd522f471a7e29b045445bf378d958683e3adf88da4fd1df7d537f.css?body=1&livereload=1634248161526" for ::1 at 2021-10-14 14:49:21 -0700
Started GET "/assets/application.self-d03b2bd55acd522f471a7e29b045445bf378d958683e3adf88da4fd1df7d537f.css?body=1&livereload=1634248161524" for ::1 at 2021-10-14 14:49:21 -0700
Started GET "/assets/application.self-d03b2bd55acd522f471a7e29b045445bf378d958683e3adf88da4fd1df7d537f.css?body=1&livereload=1634248197006" for ::1 at 2021-10-14 14:49:57 -0700
Started GET "/assets/application.self-d03b2bd55acd522f471a7e29b045445bf378d958683e3adf88da4fd1df7d537f.css?body=1&livereload=1634248197008" for ::1 at 2021-10-14 14:49:57 -0700
Started GET "/assets/application.self-d03b2bd55acd522f471a7e29b045445bf378d958683e3adf88da4fd1df7d537f.css?body=1&livereload=1634248207649" for ::1 at 2021-10-14 14:50:07 -0700
Started GET "/assets/application.self-d03b2bd55acd522f471a7e29b045445bf378d958683e3adf88da4fd1df7d537f.css?body=1&livereload=1634248207647" for ::1 at 2021-10-14 14:50:07 -0700
Started GET "/assets/application.self-d03b2bd55acd522f471a7e29b045445bf378d958683e3adf88da4fd1df7d537f.css?body=1&livereload=1634248219389" for ::1 at 2021-10-14 14:50:19 -0700
Started GET "/assets/application.self-d03b2bd55acd522f471a7e29b045445bf378d958683e3adf88da4fd1df7d537f.css?body=1&livereload=1634248219392" for ::1 at 2021-10-14 14:50:19 -0700
Started GET "/assets/application.self-d03b2bd55acd522f471a7e29b045445bf378d958683e3adf88da4fd1df7d537f.css?body=1&livereload=1634248236977" for ::1 at 2021-10-14 14:50:37 -0700
Started GET "/assets/application.self-d03b2bd55acd522f471a7e29b045445bf378d958683e3adf88da4fd1df7d537f.css?body=1&livereload=1634248236982" for ::1 at 2021-10-14 14:50:37 -0700
Started GET "/assets/application.self-d03b2bd55acd522f471a7e29b045445bf378d958683e3adf88da4fd1df7d537f.css?body=1&livereload=1634248240470" for ::1 at 2021-10-14 14:50:40 -0700
Started GET "/assets/application.self-d03b2bd55acd522f471a7e29b045445bf378d958683e3adf88da4fd1df7d537f.css?body=1&livereload=1634248240472" for ::1 at 2021-10-14 14:50:40 -0700
Started GET "/assets/application.self-d03b2bd55acd522f471a7e29b045445bf378d958683e3adf88da4fd1df7d537f.css?body=1&livereload=1634248365223" for ::1 at 2021-10-14 14:52:45 -0700
Started GET "/assets/application.self-d03b2bd55acd522f471a7e29b045445bf378d958683e3adf88da4fd1df7d537f.css?body=1&livereload=1634248365225" for ::1 at 2021-10-14 14:52:45 -0700
Started GET "/assets/application.self-d03b2bd55acd522f471a7e29b045445bf378d958683e3adf88da4fd1df7d537f.css?body=1&livereload=1634248388660" for ::1 at 2021-10-14 14:53:08 -0700
Started GET "/assets/application.self-d03b2bd55acd522f471a7e29b045445bf378d958683e3adf88da4fd1df7d537f.css?body=1&livereload=1634248388663" for ::1 at 2021-10-14 14:53:08 -0700
Started GET "/" for ::1 at 2021-10-14 15:23:56 -0700
Processing by StaticPagesController#index as HTML
  Rendering static_pages/index.html.erb within layouts/application
  Rendered shared/_main_nav.html.erb (1.1ms)
  Rendered shared/_masthead.html.erb (1.0ms)
  Rendered shared/_sections_nav.html.erb (0.5ms)
  Rendered shared/_search_modal.html.erb (0.6ms)
  Rendered shared/_main_content.html.erb (0.5ms)
  Rendered static_pages/index.html.erb within layouts/application (74.4ms)
Completed 200 OK in 1409ms (Views: 1359.1ms | ActiveRecord: 0.0ms)


Started GET "/assets/application.self-82f36b3898c8ac201698f0fe8ac01d1b931e5f5da2eb5fb733ada7daf951b337.css?body=1" for ::1 at 2021-10-14 15:23:57 -0700
Started GET "/" for ::1 at 2021-10-14 15:34:18 -0700
Processing by StaticPagesController#index as HTML
  Rendering static_pages/index.html.erb within layouts/application
  Rendered shared/_main_nav.html.erb (1.2ms)
  Rendered shared/_masthead.html.erb (0.8ms)
  Rendered shared/_sections_nav.html.erb (0.4ms)
  Rendered shared/_search_modal.html.erb (0.4ms)
  Rendered shared/_main_content.html.erb (1.4ms)
  Rendered static_pages/index.html.erb within layouts/application (54.6ms)
Completed 200 OK in 206ms (Views: 189.2ms | ActiveRecord: 0.0ms)


Started GET "/" for ::1 at 2021-10-14 15:34:52 -0700
Processing by StaticPagesController#index as HTML
  Rendering static_pages/index.html.erb within layouts/application
  Rendered shared/_main_nav.html.erb (0.8ms)
  Rendered shared/_masthead.html.erb (0.7ms)
  Rendered shared/_sections_nav.html.erb (0.5ms)
  Rendered shared/_search_modal.html.erb (0.4ms)
  Rendered shared/_main_content.html.erb (0.5ms)
  Rendered static_pages/index.html.erb within layouts/application (82.0ms)
Completed 200 OK in 233ms (Views: 191.5ms | ActiveRecord: 0.0ms)


Started GET "/" for ::1 at 2021-10-14 15:34:56 -0700
Processing by StaticPagesController#index as HTML
  Rendering static_pages/index.html.erb within layouts/application
  Rendered shared/_main_nav.html.erb (0.9ms)
  Rendered shared/_masthead.html.erb (1.0ms)
  Rendered shared/_sections_nav.html.erb (1.6ms)
  Rendered shared/_search_modal.html.erb (0.5ms)
  Rendered shared/_main_content.html.erb (0.5ms)
  Rendered static_pages/index.html.erb within layouts/application (316.1ms)
Completed 200 OK in 478ms (Views: 465.5ms | ActiveRecord: 0.0ms)


Started GET "/" for ::1 at 2021-10-14 15:36:02 -0700
Processing by StaticPagesController#index as HTML
  Rendering static_pages/index.html.erb within layouts/application
  Rendered shared/_main_nav.html.erb (0.6ms)
  Rendered shared/_masthead.html.erb (4.6ms)
  Rendered shared/_sections_nav.html.erb (20.7ms)
  Rendered shared/_search_modal.html.erb (0.7ms)
  Rendered shared/_main_content.html.erb (3.7ms)
  Rendered static_pages/index.html.erb within layouts/application (471.5ms)
Completed 200 OK in 1070ms (Views: 1043.9ms | ActiveRecord: 0.0ms)


Started GET "/" for ::1 at 2021-10-14 15:36:21 -0700
Processing by StaticPagesController#index as HTML
  Rendering static_pages/index.html.erb within layouts/application
  Rendered shared/_main_nav.html.erb (0.6ms)
  Rendered shared/_masthead.html.erb (0.6ms)
  Rendered shared/_sections_nav.html.erb (3.8ms)
  Rendered shared/_search_modal.html.erb (0.9ms)
  Rendered shared/_main_content.html.erb (1.8ms)
  Rendered static_pages/index.html.erb within layouts/application (367.7ms)
Completed 200 OK in 525ms (Views: 513.5ms | ActiveRecord: 0.0ms)


Started GET "/" for ::1 at 2021-10-14 15:36:45 -0700
Processing by StaticPagesController#index as HTML
  Rendering static_pages/index.html.erb within layouts/application
  Rendered shared/_main_nav.html.erb (0.6ms)
  Rendered shared/_masthead.html.erb (0.7ms)
  Rendered shared/_sections_nav.html.erb (1.2ms)
  Rendered shared/_search_modal.html.erb (0.8ms)
  Rendered shared/_main_content.html.erb (4.4ms)
  Rendered static_pages/index.html.erb within layouts/application (133.4ms)
Completed 200 OK in 526ms (Views: 510.4ms | ActiveRecord: 0.0ms)


Started GET "/" for ::1 at 2021-10-14 15:37:05 -0700
Processing by StaticPagesController#index as HTML
  Rendering static_pages/index.html.erb within layouts/application
  Rendered shared/_main_nav.html.erb (1.1ms)
  Rendered shared/_masthead.html.erb (1.0ms)
  Rendered shared/_sections_nav.html.erb (0.3ms)
  Rendered shared/_search_modal.html.erb (0.9ms)
  Rendered shared/_main_content.html.erb (0.3ms)
  Rendered static_pages/index.html.erb within layouts/application (137.8ms)
Completed 200 OK in 338ms (Views: 323.6ms | ActiveRecord: 0.0ms)


Started GET "/" for ::1 at 2021-10-14 15:37:23 -0700
Processing by StaticPagesController#index as HTML
  Rendering static_pages/index.html.erb within layouts/application
  Rendered shared/_main_nav.html.erb (1.2ms)
  Rendered shared/_masthead.html.erb (0.9ms)
  Rendered shared/_sections_nav.html.erb (3.2ms)
  Rendered shared/_search_modal.html.erb (0.8ms)
  Rendered shared/_main_content.html.erb (0.5ms)
  Rendered static_pages/index.html.erb within layouts/application (181.5ms)
Completed 200 OK in 332ms (Views: 322.2ms | ActiveRecord: 0.0ms)


Started GET "/" for ::1 at 2021-10-14 15:39:13 -0700
Started GET "/" for ::1 at 2021-10-14 15:39:13 -0700
Processing by StaticPagesController#index as HTML
Processing by StaticPagesController#index as HTML
  Rendering static_pages/index.html.erb within layouts/application
  Rendering static_pages/index.html.erb within layouts/application
  Rendered shared/_main_nav.html.erb (0.5ms)
  Rendered shared/_main_nav.html.erb (0.1ms)
  Rendered shared/_masthead.html.erb (0.5ms)
  Rendered shared/_masthead.html.erb (0.1ms)
  Rendered shared/_sections_nav.html.erb (0.1ms)
  Rendered shared/_sections_nav.html.erb (1.0ms)
  Rendered shared/_search_modal.html.erb (0.4ms)
  Rendered shared/_search_modal.html.erb (0.1ms)
  Rendered shared/_main_content.html.erb (1.3ms)
  Rendered static_pages/index.html.erb within layouts/application (287.7ms)
  Rendered shared/_main_content.html.erb (0.1ms)
  Rendered static_pages/index.html.erb within layouts/application (299.5ms)
Completed 200 OK in 481ms (Views: 464.0ms | ActiveRecord: 0.0ms)


Completed 200 OK in 477ms (Views: 448.5ms | ActiveRecord: 0.0ms)


Started GET "/assets/AA_Times_Logo.png" for ::1 at 2021-10-14 15:39:14 -0700
Started GET "/" for ::1 at 2021-10-14 15:39:26 -0700
Processing by StaticPagesController#index as HTML
  Rendering static_pages/index.html.erb within layouts/application
Started GET "/" for ::1 at 2021-10-14 15:39:27 -0700
Processing by StaticPagesController#index as HTML
  Rendering static_pages/index.html.erb within layouts/application
  Rendered shared/_main_nav.html.erb (0.4ms)
  Rendered shared/_masthead.html.erb (1.7ms)
  Rendered shared/_main_nav.html.erb (0.7ms)
  Rendered shared/_sections_nav.html.erb (2.1ms)
  Rendered shared/_masthead.html.erb (1.1ms)
  Rendered shared/_search_modal.html.erb (0.4ms)
  Rendered shared/_sections_nav.html.erb (0.7ms)
  Rendered shared/_main_content.html.erb (0.5ms)
  Rendered shared/_search_modal.html.erb (1.1ms)
  Rendered static_pages/index.html.erb within layouts/application (327.8ms)
  Rendered shared/_main_content.html.erb (1.0ms)
  Rendered static_pages/index.html.erb within layouts/application (226.2ms)
Completed 200 OK in 453ms (Views: 432.4ms | ActiveRecord: 0.0ms)


Completed 200 OK in 339ms (Views: 308.5ms | ActiveRecord: 0.0ms)


Started GET "/assets/AA_Times_Logo.png" for ::1 at 2021-10-14 15:39:27 -0700
Started GET "/" for ::1 at 2021-10-14 15:39:52 -0700
Processing by StaticPagesController#index as HTML
  Rendering static_pages/index.html.erb within layouts/application
  Rendered shared/_main_nav.html.erb (1.1ms)
  Rendered shared/_masthead.html.erb (0.5ms)
  Rendered shared/_sections_nav.html.erb (0.7ms)
  Rendered shared/_search_modal.html.erb (1.4ms)
  Rendered shared/_main_content.html.erb (1.5ms)
  Rendered static_pages/index.html.erb within layouts/application (275.7ms)
Completed 200 OK in 720ms (Views: 709.4ms | ActiveRecord: 0.0ms)


Started GET "/assets/AA_Times_Logo.png" for ::1 at 2021-10-14 15:39:53 -0700
